
                            < M A T L A B (R) >
                  Copyright 1984-2020 The MathWorks, Inc.
              R2020b Update 3 (9.9.0.1538559) 64-bit (glnxa64)
                             November 23, 2020

 
To get started, type doc.
For product information, visit www.mathworks.com.
 
Checking for available memory ... passed.
Due to performance issues the help browser has been set to 'HTMLRENDERER'.
Re-enable Java-based help with 'com.mathworks.mlwidgets.html.HtmlComponentFactory.setDefaultType([]);'
preloaded: /common/apps/spm12
added path: /home/hipp/matlab
no path: /home/hipp/matlab/v9
no path: /home/hipp/matlab/v99
no path: /home/hipp/matlab/spm12
no path: /home/hipp/matlab/v9_spm12
no path: /home/hipp/matlab/v99_spm12
-----------------------------------


------------------------------------------------------------------------
29-Jan-2021 13:48:42 - Running job #1
------------------------------------------------------------------------
29-Jan-2021 13:48:43 - Running 'fMRI model specification'

SPM12: spm_fMRI_design (v7739)                     13:48:43 - 29/01/2021
========================================================================
Saving fMRI design                      :               ...SPM.mat saved

SPM12: spm_fmri_spm_ui (v7738)                     13:48:45 - 29/01/2021
========================================================================
Mapping files                           :                        ...done
Calculating globals                     : 