
                            < M A T L A B (R) >
                  Copyright 1984-2020 The MathWorks, Inc.
              R2020b Update 3 (9.9.0.1538559) 64-bit (glnxa64)
                             November 23, 2020

 
To get started, type doc.
For product information, visit www.mathworks.com.
 
Checking for available memory ... passed.
Due to performance issues the help browser has been set to 'HTMLRENDERER'.
Re-enable Java-based help with 'com.mathworks.mlwidgets.html.HtmlComponentFactory.setDefaultType([]);'
preloaded: /common/apps/spm12
added path: /home/hipp/matlab
no path: /home/hipp/matlab/v9
no path: /home/hipp/matlab/v99
no path: /home/hipp/matlab/spm12
no path: /home/hipp/matlab/v9_spm12
no path: /home/hipp/matlab/v99_spm12
-----------------------------------


------------------------------------------------------------------------
26-Jan-2021 16:14:44 - Running job #1
------------------------------------------------------------------------
26-Jan-2021 16:14:44 - Running 'Contrast Manager'

SPM12: spm_contrasts.m                             16:14:44 - 26/01/2021
========================================================================
Contrasts folder                        :        ./sub005/canonical_pmod
Deleting contrasts                      :                        ...done
0  0  0  0  0  1  0  0  0  0  0  0  0  1  0  0  0  0  0  0  0  1  0  0  0  0  0  0  0  1  0  0  0  0  0  0  0  1  0  0  0  0  0  0  0  1  0  0  0  0  0  0  0  0  0  0  0  0  0  1  0  0  0  0  0  0  0  1  0  0  0  0  0  0  0  1  0  0  0  0  0  0  0  1  0  0  0  0  0  0  0  1  0  0  0  0  0  0  0  1  0  0  0  0  0  0  0  0  <-  !invalid contrast
26-Jan-2021 16:14:45 - Failed  'Contrast Manager'
Error using spm_run_con (line 254)
Error in contrast specification
In file "/common/apps/spm12-7771/config/spm_run_con.m" (v7738), function "spm_run_con" at line 254.

The following modules did not run:
Failed: Contrast Manager

{Error using MATLABbatch system
Job execution failed. The full log of this run can be found in MATLAB command
window, starting with the lines (look for the line showing the exact #job as
displayed in this error message)
------------------
Running job #1
------------------} 
